# JRE version: OpenJDK Runtime Environment Corretto-21.0.3.9.1 (21.0.3+9) (build 21.0.3+9-LTS)
# Java VM: OpenJDK 64-Bit Server VM Corretto-21.0.3.9.1 (21.0.3+9-LTS, mixed mode, sharing, tiered, compressed oops, compressed class ptrs, g1 gc, windows-amd64)
GC Precious Log:
 CardTable entry size: 512
 Card Set container configuration: InlinePtr #cards 4 size 8 Array Of Cards #cards 16 size 48 Howl #buckets 8 coarsen threshold 3686 Howl Bitmap #cards 512 size 80 coarsen threshold 460 Card regions per heap region 1 cards per card region 4096
 CPUs: 8 total, 8 available
 Memory: 16151M
 Large Page Support: Disabled
 NUMA Support: Disabled
 Compressed Oops: Enabled (Zero based)
 Heap Region Size: 2M
 Heap Min Capacity: 8M
 Heap Initial Capacity: 254M
 Heap Max Capacity: 4038M
 Pre-touch: Disabled
 Parallel Workers: 8
 Concurrent Workers: 2
 Concurrent Refinement Workers: 8
 Periodic GC: Disabled
Heap:
 garbage-first heap   total 163840K, used 90344K [0x0000000703a00000, 0x0000000800000000)
  region size 2048K, 9 young (18432K), 4 survivors (8192K)
 Metaspace       used 48864K, committed 49536K, reserved 1114112K
  class space    used 5596K, committed 5888K, reserved 1048576K
GC Heap History (20 events):
Event: 1.548 GC heap before
{Heap before GC invocations=1 (full 0):
 garbage-first heap   total 260096K, used 36802K [0x0000000703a00000, 0x0000000800000000)
  region size 2048K, 18 young (36864K), 2 survivors (4096K)
 Metaspace       used 10463K, committed 10624K, reserved 1114112K
  class space    used 1216K, committed 1280K, reserved 1048576K
}
Event: 1.554 GC heap after
{Heap after GC invocations=2 (full 0):
 garbage-first heap   total 260096K, used 6195K [0x0000000703a00000, 0x0000000800000000)
  region size 2048K, 2 young (4096K), 2 survivors (4096K)
 Metaspace       used 10463K, committed 10624K, reserved 1114112K
  class space    used 1216K, committed 1280K, reserved 1048576K
}
Event: 4.385 GC heap before
{Heap before GC invocations=2 (full 0):
 garbage-first heap   total 260096K, used 157747K [0x0000000703a00000, 0x0000000800000000)
  region size 2048K, 76 young (155648K), 2 survivors (4096K)
 Metaspace       used 18555K, committed 18816K, reserved 1114112K
  class space    used 2052K, committed 2176K, reserved 1048576K
}
Event: 4.397 GC heap after
{Heap after GC invocations=3 (full 0):
 garbage-first heap   total 260096K, used 19592K [0x0000000703a00000, 0x0000000800000000)
  region size 2048K, 8 young (16384K), 8 survivors (16384K)
 Metaspace       used 18555K, committed 18816K, reserved 1114112K
  class space    used 2052K, committed 2176K, reserved 1048576K
}
Event: 5.013 GC heap before
{Heap before GC invocations=3 (full 0):
 garbage-first heap   total 260096K, used 52360K [0x0000000703a00000, 0x0000000800000000)
  region size 2048K, 25 young (51200K), 8 survivors (16384K)
 Metaspace       used 21220K, committed 21504K, reserved 1114112K
  class space    used 2345K, committed 2496K, reserved 1048576K
}
Event: 5.025 GC heap after
{Heap after GC invocations=4 (full 0):
 garbage-first heap   total 260096K, used 23742K [0x0000000703a00000, 0x0000000800000000)
  region size 2048K, 2 young (4096K), 2 survivors (4096K)
 Metaspace       used 21220K, committed 21504K, reserved 1114112K
  class space    used 2345K, committed 2496K, reserved 1048576K
}
Event: 6.371 GC heap before
{Heap before GC invocations=5 (full 0):
 garbage-first heap   total 102400K, used 99518K [0x0000000703a00000, 0x0000000800000000)
  region size 2048K, 38 young (77824K), 2 survivors (4096K)
 Metaspace       used 28283K, committed 28672K, reserved 1114112K
  class space    used 3134K, committed 3328K, reserved 1048576K
}
Event: 6.387 GC heap after
{Heap after GC invocations=6 (full 0):
 garbage-first heap   total 126976K, used 44945K [0x0000000703a00000, 0x0000000800000000)
  region size 2048K, 10 young (20480K), 10 survivors (20480K)
 Metaspace       used 28283K, committed 28672K, reserved 1114112K
  class space    used 3134K, committed 3328K, reserved 1048576K
}
Event: 7.347 GC heap before
{Heap before GC invocations=6 (full 0):
 garbage-first heap   total 126976K, used 96145K [0x0000000703a00000, 0x0000000800000000)
  region size 2048K, 35 young (71680K), 10 survivors (20480K)
 Metaspace       used 31614K, committed 32064K, reserved 1114112K
  class space    used 3537K, committed 3776K, reserved 1048576K
}
Event: 7.370 GC heap after
{Heap after GC invocations=7 (full 0):
 garbage-first heap   total 126976K, used 50571K [0x0000000703a00000, 0x0000000800000000)
  region size 2048K, 2 young (4096K), 2 survivors (4096K)
 Metaspace       used 31614K, committed 32064K, reserved 1114112K
  class space    used 3537K, committed 3776K, reserved 1048576K
}
Event: 8.005 GC heap before
{Heap before GC invocations=7 (full 0):
 garbage-first heap   total 126976K, used 75147K [0x0000000703a00000, 0x0000000800000000)
  region size 2048K, 14 young (28672K), 2 survivors (4096K)
 Metaspace       used 35502K, committed 35968K, reserved 1114112K
  class space    used 4067K, committed 4288K, reserved 1048576K
}
Event: 8.019 GC heap after
{Heap after GC invocations=8 (full 0):
 garbage-first heap   total 126976K, used 54796K [0x0000000703a00000, 0x0000000800000000)
  region size 2048K, 3 young (6144K), 3 survivors (6144K)
 Metaspace       used 35502K, committed 35968K, reserved 1114112K
  class space    used 4067K, committed 4288K, reserved 1048576K
}
Event: 9.922 GC heap before
{Heap before GC invocations=9 (full 0):
 garbage-first heap   total 126976K, used 105996K [0x0000000703a00000, 0x0000000800000000)
  region size 2048K, 28 young (57344K), 3 survivors (6144K)
 Metaspace       used 37601K, committed 38080K, reserved 1114112K
  class space    used 4293K, committed 4480K, reserved 1048576K
}
Event: 9.948 GC heap after
{Heap after GC invocations=10 (full 0):
 garbage-first heap   total 126976K, used 56301K [0x0000000703a00000, 0x0000000800000000)
  region size 2048K, 3 young (6144K), 3 survivors (6144K)
 Metaspace       used 37601K, committed 38080K, reserved 1114112K
  class space    used 4293K, committed 4480K, reserved 1048576K
}
Event: 10.816 GC heap before
{Heap before GC invocations=10 (full 0):
 garbage-first heap   total 126976K, used 107501K [0x0000000703a00000, 0x0000000800000000)
  region size 2048K, 28 young (57344K), 3 survivors (6144K)
 Metaspace       used 37663K, committed 38208K, reserved 1114112K
  class space    used 4293K, committed 4544K, reserved 1048576K
}
Event: 10.844 GC heap after
{Heap after GC invocations=11 (full 0):
 garbage-first heap   total 135168K, used 75373K [0x0000000703a00000, 0x0000000800000000)
  region size 2048K, 4 young (8192K), 4 survivors (8192K)
 Metaspace       used 37663K, committed 38208K, reserved 1114112K
  class space    used 4293K, committed 4544K, reserved 1048576K
}
Event: 11.884 GC heap before
{Heap before GC invocations=11 (full 0):
 garbage-first heap   total 135168K, used 110189K [0x0000000703a00000, 0x0000000800000000)
  region size 2048K, 22 young (45056K), 4 survivors (8192K)
 Metaspace       used 39092K, committed 39616K, reserved 1114112K
  class space    used 4465K, committed 4672K, reserved 1048576K
}
Event: 11.894 GC heap after
{Heap after GC invocations=12 (full 0):
 garbage-first heap   total 163840K, used 78603K [0x0000000703a00000, 0x0000000800000000)
  region size 2048K, 1 young (2048K), 1 survivors (2048K)
 Metaspace       used 39092K, committed 39616K, reserved 1114112K
  class space    used 4465K, committed 4672K, reserved 1048576K
}
Event: 18.348 GC heap before
{Heap before GC invocations=13 (full 0):
 garbage-first heap   total 163840K, used 133899K [0x0000000703a00000, 0x0000000800000000)
  region size 2048K, 29 young (59392K), 1 survivors (2048K)
 Metaspace       used 47601K, committed 48192K, reserved 1114112K
  class space    used 5428K, committed 5696K, reserved 1048576K
}
Event: 18.355 GC heap after
{Heap after GC invocations=14 (full 0):
 garbage-first heap   total 163840K, used 82152K [0x0000000703a00000, 0x0000000800000000)
  region size 2048K, 4 young (8192K), 4 survivors (8192K)
 Metaspace       used 47601K, committed 48192K, reserved 1114112K
  class space    used 5428K, committed 5696K, reserved 1048576K
}

